<?xml version="1.0" encoding="UTF-8"?>
<TestRun id="e22e7490-8bd1-4fd6-bcd2-7bfafd51763a" name="escherrer@STANNIS 2011-08-14 18:48:48" runUser="REALTIMEPOS\escherrer" xmlns="http://microsoft.com/schemas/VisualStudio/TeamTest/2010">
  <TestSettings name="Local" id="f6952b63-5190-4850-acc6-2e7b5c513807">
    <Description>These are default test settings for a local test run.</Description>
    <Deployment enabled="false" runDeploymentRoot="escherrer_STANNIS 2011-08-14 18_48_48" />
    <Execution>
      <TestTypeSpecific />
      <AgentRule name="Execution Agents">
      </AgentRule>
    </Execution>
  </TestSettings>
  <Times creation="2011-08-14T18:48:48.7882264-04:00" queuing="2011-08-14T18:48:49.0632539-04:00" start="2011-08-14T18:48:49.2442720-04:00" finish="2011-08-14T18:48:50.6074083-04:00" />
  <ResultSummary outcome="Completed">
    <Counters total="1" executed="1" passed="1" error="0" failed="0" timeout="0" aborted="0" inconclusive="0" passedButRunAborted="0" notRunnable="0" notExecuted="0" disconnected="0" warning="0" completed="0" inProgress="0" pending="0" />
  </ResultSummary>
  <TestDefinitions>
    <UnitTest name="When_a_search_is_performed_it_queries_the_repo_and_returns_results" storage="c:\git\productsearch\productsearch\productsearch.test\bin\debug\productsearch.test.dll" id="8bb19088-8892-1f28-1911-5c5c6d43cb6d">
      <Execution timeOut="1800000" id="403ecf28-5c1c-4fe9-b38b-e329c94519d6" />
      <TestMethod codeBase="C:/Git/ProductSearch/ProductSearch/ProductSearch.Test/bin/Debug/ProductSearch.Test.DLL" adapterTypeName="Microsoft.VisualStudio.TestTools.TestTypes.Unit.UnitTestAdapter, Microsoft.VisualStudio.QualityTools.Tips.UnitTest.Adapter, Version=10.0.0.0, Culture=neutral, PublicKeyToken=b03f5f7f11d50a3a" className="ProductSearch.Test.SearchWorkerSpecs, ProductSearch.Test, Version=1.0.0.0, Culture=neutral, PublicKeyToken=null" name="When_a_search_is_performed_it_queries_the_repo_and_returns_results" />
    </UnitTest>
  </TestDefinitions>
  <TestLists>
    <TestList name="Results Not in a List" id="8c84fa94-04c1-424b-9868-57a2d4851a1d" />
    <TestList name="All Loaded Results" id="19431567-8539-422a-85d7-44ee4e166bda" />
  </TestLists>
  <TestEntries>
    <TestEntry testId="8bb19088-8892-1f28-1911-5c5c6d43cb6d" executionId="403ecf28-5c1c-4fe9-b38b-e329c94519d6" testListId="8c84fa94-04c1-424b-9868-57a2d4851a1d" />
  </TestEntries>
  <Results>
    <UnitTestResult executionId="403ecf28-5c1c-4fe9-b38b-e329c94519d6" testId="8bb19088-8892-1f28-1911-5c5c6d43cb6d" testName="When_a_search_is_performed_it_queries_the_repo_and_returns_results" computerName="STANNIS" duration="00:00:01.2110342" startTime="2011-08-14T18:48:49.2802756-04:00" endTime="2011-08-14T18:48:50.5384014-04:00" testType="13cdc9d9-ddb5-4fa4-a97d-d965ccfc6d4b" outcome="Passed" testListId="8c84fa94-04c1-424b-9868-57a2d4851a1d" relativeResultsDirectory="403ecf28-5c1c-4fe9-b38b-e329c94519d6">
    </UnitTestResult>
  </Results>
</TestRun>