<?xml version="1.0" encoding="UTF-8"?>
<TestRun id="fc69b9d5-d40a-4853-8148-00fc630dcd84" name="escherrer@STANNIS 2011-08-14 19:27:16" runUser="REALTIMEPOS\escherrer" xmlns="http://microsoft.com/schemas/VisualStudio/TeamTest/2010">
  <TestSettings name="Local" id="f6952b63-5190-4850-acc6-2e7b5c513807">
    <Description>These are default test settings for a local test run.</Description>
    <Deployment enabled="false" runDeploymentRoot="escherrer_STANNIS 2011-08-14 19_27_16" />
    <Execution>
      <TestTypeSpecific />
      <AgentRule name="Execution Agents">
      </AgentRule>
    </Execution>
  </TestSettings>
  <Times creation="2011-08-14T19:27:16.3509596-04:00" queuing="2011-08-14T19:27:16.6239869-04:00" start="2011-08-14T19:27:16.7680013-04:00" finish="2011-08-14T19:27:22.2105455-04:00" />
  <ResultSummary outcome="Completed">
    <Counters total="1" executed="1" passed="1" error="0" failed="0" timeout="0" aborted="0" inconclusive="0" passedButRunAborted="0" notRunnable="0" notExecuted="0" disconnected="0" warning="0" completed="0" inProgress="0" pending="0" />
  </ResultSummary>
  <TestDefinitions>
    <UnitTest name="When_a_search_is_cancelled_it_calls_back_with_a_cancelled_result" storage="c:\git\productsearch\productsearch\productsearch.test\bin\debug\productsearch.test.dll" id="eee71b25-0933-0302-96c8-2ee80f9cc1f7">
      <Execution timeOut="1800000" id="5e6fc154-71e5-437a-b39f-65c362b4171c" />
      <TestMethod codeBase="C:/Git/ProductSearch/ProductSearch/ProductSearch.Test/bin/Debug/ProductSearch.Test.DLL" adapterTypeName="Microsoft.VisualStudio.TestTools.TestTypes.Unit.UnitTestAdapter, Microsoft.VisualStudio.QualityTools.Tips.UnitTest.Adapter, Version=10.0.0.0, Culture=neutral, PublicKeyToken=b03f5f7f11d50a3a" className="ProductSearch.Test.SearchWorkerSpecs, ProductSearch.Test, Version=1.0.0.0, Culture=neutral, PublicKeyToken=null" name="When_a_search_is_cancelled_it_calls_back_with_a_cancelled_result" />
    </UnitTest>
  </TestDefinitions>
  <TestLists>
    <TestList name="Results Not in a List" id="8c84fa94-04c1-424b-9868-57a2d4851a1d" />
    <TestList name="All Loaded Results" id="19431567-8539-422a-85d7-44ee4e166bda" />
  </TestLists>
  <TestEntries>
    <TestEntry testId="eee71b25-0933-0302-96c8-2ee80f9cc1f7" executionId="5e6fc154-71e5-437a-b39f-65c362b4171c" testListId="8c84fa94-04c1-424b-9868-57a2d4851a1d" />
  </TestEntries>
  <Results>
    <UnitTestResult executionId="5e6fc154-71e5-437a-b39f-65c362b4171c" testId="eee71b25-0933-0302-96c8-2ee80f9cc1f7" testName="When_a_search_is_cancelled_it_calls_back_with_a_cancelled_result" computerName="STANNIS" duration="00:00:05.2729601" startTime="2011-08-14T19:27:16.8040049-04:00" endTime="2011-08-14T19:27:22.1295374-04:00" testType="13cdc9d9-ddb5-4fa4-a97d-d965ccfc6d4b" outcome="Passed" testListId="8c84fa94-04c1-424b-9868-57a2d4851a1d" relativeResultsDirectory="5e6fc154-71e5-437a-b39f-65c362b4171c">
    </UnitTestResult>
  </Results>
</TestRun>