<?xml version="1.0" encoding="UTF-8"?>
<TestRun id="c33eb615-00a5-4389-9852-f770752aa2bf" name="escherrer@STANNIS 2011-08-16 00:40:16" runUser="REALTIMEPOS\escherrer" xmlns="http://microsoft.com/schemas/VisualStudio/TeamTest/2010">
  <TestSettings name="Local" id="f6952b63-5190-4850-acc6-2e7b5c513807">
    <Description>These are default test settings for a local test run.</Description>
    <Deployment enabled="false" runDeploymentRoot="escherrer_STANNIS 2011-08-16 00_40_16" />
    <Execution>
      <TestTypeSpecific />
      <AgentRule name="Execution Agents">
      </AgentRule>
    </Execution>
  </TestSettings>
  <Times creation="2011-08-16T00:40:16.7056262-04:00" queuing="2011-08-16T00:40:16.9776262-04:00" start="2011-08-16T00:40:17.1306262-04:00" finish="2011-08-16T00:40:22.5846262-04:00" />
  <ResultSummary outcome="Completed">
    <Counters total="1" executed="1" passed="1" error="0" failed="0" timeout="0" aborted="0" inconclusive="0" passedButRunAborted="0" notRunnable="0" notExecuted="0" disconnected="0" warning="0" completed="0" inProgress="0" pending="0" />
  </ResultSummary>
  <TestDefinitions>
    <UnitTest name="Only_the_most_recent_search_returns_results" storage="c:\git\productsearch\productsearch\productsearch.test\bin\debug\productsearch.test.dll" id="133de8c5-4999-23e0-8954-4457e1caf520">
      <Execution timeOut="1800000" id="524a0483-ab74-45f6-8135-e8c840e7c253" />
      <TestMethod codeBase="C:/Git/ProductSearch/ProductSearch/ProductSearch.Test/bin/Debug/ProductSearch.Test.DLL" adapterTypeName="Microsoft.VisualStudio.TestTools.TestTypes.Unit.UnitTestAdapter, Microsoft.VisualStudio.QualityTools.Tips.UnitTest.Adapter, Version=10.0.0.0, Culture=neutral, PublicKeyToken=b03f5f7f11d50a3a" className="ProductSearch.Test.ProductSearchManagerSpecs, ProductSearch.Test, Version=1.0.0.0, Culture=neutral, PublicKeyToken=null" name="Only_the_most_recent_search_returns_results" />
    </UnitTest>
  </TestDefinitions>
  <TestLists>
    <TestList name="Results Not in a List" id="8c84fa94-04c1-424b-9868-57a2d4851a1d" />
    <TestList name="All Loaded Results" id="19431567-8539-422a-85d7-44ee4e166bda" />
  </TestLists>
  <TestEntries>
    <TestEntry testId="133de8c5-4999-23e0-8954-4457e1caf520" executionId="524a0483-ab74-45f6-8135-e8c840e7c253" testListId="8c84fa94-04c1-424b-9868-57a2d4851a1d" />
  </TestEntries>
  <Results>
    <UnitTestResult executionId="524a0483-ab74-45f6-8135-e8c840e7c253" testId="133de8c5-4999-23e0-8954-4457e1caf520" testName="Only_the_most_recent_search_returns_results" computerName="STANNIS" duration="00:00:05.2554085" startTime="2011-08-16T00:40:17.1686262-04:00" endTime="2011-08-16T00:40:22.4756262-04:00" testType="13cdc9d9-ddb5-4fa4-a97d-d965ccfc6d4b" outcome="Passed" testListId="8c84fa94-04c1-424b-9868-57a2d4851a1d" relativeResultsDirectory="524a0483-ab74-45f6-8135-e8c840e7c253">
    </UnitTestResult>
  </Results>
</TestRun>