<?xml version="1.0" encoding="UTF-8"?>
<TestRun id="278b5274-c199-4715-8e6e-97da37e0fb1f" name="escherrer@STANNIS 2011-08-14 01:25:38" runUser="REALTIMEPOS\escherrer" xmlns="http://microsoft.com/schemas/VisualStudio/TeamTest/2010">
  <TestSettings name="Local" id="f6952b63-5190-4850-acc6-2e7b5c513807">
    <Description>These are default test settings for a local test run.</Description>
    <Deployment enabled="false" runDeploymentRoot="escherrer_STANNIS 2011-08-14 01_25_38" />
    <Execution>
      <TestTypeSpecific />
      <AgentRule name="Execution Agents">
      </AgentRule>
    </Execution>
  </TestSettings>
  <Times creation="2011-08-14T01:25:38.3963143-04:00" queuing="2011-08-14T01:25:38.8173143-04:00" start="2011-08-14T01:25:38.9973143-04:00" finish="2011-08-14T01:25:47.4453143-04:00" />
  <ResultSummary outcome="Completed">
    <Counters total="1" executed="1" passed="1" error="0" failed="0" timeout="0" aborted="0" inconclusive="0" passedButRunAborted="0" notRunnable="0" notExecuted="0" disconnected="0" warning="0" completed="0" inProgress="0" pending="0" />
  </ResultSummary>
  <TestDefinitions>
    <UnitTest name="When_a_search_finishes_successfully_it_should_return_success_results" storage="c:\git\productsearch\productsearch\productsearch.test\bin\debug\productsearch.test.dll" id="180797e1-6c7b-08d1-f075-c3cf75de5e9c">
      <Execution timeOut="1800000" id="caaa67e3-7521-409d-aac9-60a37421006f" />
      <TestMethod codeBase="C:/Git/ProductSearch/ProductSearch/ProductSearch.Test/bin/Debug/ProductSearch.Test.DLL" adapterTypeName="Microsoft.VisualStudio.TestTools.TestTypes.Unit.UnitTestAdapter, Microsoft.VisualStudio.QualityTools.Tips.UnitTest.Adapter, Version=10.0.0.0, Culture=neutral, PublicKeyToken=b03f5f7f11d50a3a" className="ProductSearch.Test.SearchWorkerSpecs, ProductSearch.Test, Version=1.0.0.0, Culture=neutral, PublicKeyToken=null" name="When_a_search_finishes_successfully_it_should_return_success_results" />
    </UnitTest>
  </TestDefinitions>
  <TestLists>
    <TestList name="Results Not in a List" id="8c84fa94-04c1-424b-9868-57a2d4851a1d" />
    <TestList name="All Loaded Results" id="19431567-8539-422a-85d7-44ee4e166bda" />
  </TestLists>
  <TestEntries>
    <TestEntry testId="180797e1-6c7b-08d1-f075-c3cf75de5e9c" executionId="caaa67e3-7521-409d-aac9-60a37421006f" testListId="8c84fa94-04c1-424b-9868-57a2d4851a1d" />
  </TestEntries>
  <Results>
    <UnitTestResult executionId="caaa67e3-7521-409d-aac9-60a37421006f" testId="180797e1-6c7b-08d1-f075-c3cf75de5e9c" testName="When_a_search_finishes_successfully_it_should_return_success_results" computerName="STANNIS" duration="00:00:08.2364375" startTime="2011-08-14T01:25:39.0533143-04:00" endTime="2011-08-14T01:25:47.3413143-04:00" testType="13cdc9d9-ddb5-4fa4-a97d-d965ccfc6d4b" outcome="Passed" testListId="8c84fa94-04c1-424b-9868-57a2d4851a1d" relativeResultsDirectory="caaa67e3-7521-409d-aac9-60a37421006f">
    </UnitTestResult>
  </Results>
</TestRun>