<?xml version="1.0" encoding="UTF-8"?>
<TestRun id="8c588538-9948-4e60-bae5-fa0a0d906aeb" name="escherrer@STANNIS 2011-08-17 08:07:46" runUser="REALTIMEPOS\escherrer" xmlns="http://microsoft.com/schemas/VisualStudio/TeamTest/2010">
  <TestSettings name="Local" id="f6952b63-5190-4850-acc6-2e7b5c513807">
    <Description>These are default test settings for a local test run.</Description>
    <Deployment enabled="false" runDeploymentRoot="escherrer_STANNIS 2011-08-17 08_07_46" />
    <Execution>
      <TestTypeSpecific />
      <AgentRule name="Execution Agents">
      </AgentRule>
    </Execution>
  </TestSettings>
  <Times creation="2011-08-17T08:07:46.2968110-04:00" queuing="2011-08-17T08:07:46.5638110-04:00" start="2011-08-17T08:07:46.7178110-04:00" finish="2011-08-17T08:07:47.1408110-04:00" />
  <ResultSummary outcome="Failed">
    <Counters total="2" executed="2" passed="1" error="0" failed="1" timeout="0" aborted="0" inconclusive="0" passedButRunAborted="0" notRunnable="0" notExecuted="0" disconnected="0" warning="0" completed="0" inProgress="0" pending="0" />
  </ResultSummary>
  <TestDefinitions>
    <UnitTest name="Should_return_error_is_true_if_error_has_occurred" storage="c:\git\productsearch\productsearch\productsearch.test\bin\debug\productsearch.test.dll" id="82d15174-6373-a130-d12b-4097ec81a053">
      <Execution timeOut="1800000" id="c3b3872e-391e-4624-9810-9c2715c48b4a" />
      <TestMethod codeBase="C:/Git/ProductSearch/ProductSearch/ProductSearch.Test/bin/Debug/ProductSearch.Test.DLL" adapterTypeName="Microsoft.VisualStudio.TestTools.TestTypes.Unit.UnitTestAdapter, Microsoft.VisualStudio.QualityTools.Tips.UnitTest.Adapter, Version=10.0.0.0, Culture=neutral, PublicKeyToken=b03f5f7f11d50a3a" className="ProductSearch.Test.ProductRepositoryHarnessSpec, ProductSearch.Test, Version=1.0.0.0, Culture=neutral, PublicKeyToken=null" name="Should_return_error_is_true_if_error_has_occurred" />
    </UnitTest>
    <UnitTest name="Should_return_productSearchResult_with_correct_output" storage="c:\git\productsearch\productsearch\productsearch.test\bin\debug\productsearch.test.dll" id="0139ff20-262e-9a88-471a-8223198f60d2">
      <Execution timeOut="1800000" id="8149cfe1-90ed-4c26-82a1-b0e313626c0d" />
      <TestMethod codeBase="C:/Git/ProductSearch/ProductSearch/ProductSearch.Test/bin/Debug/ProductSearch.Test.DLL" adapterTypeName="Microsoft.VisualStudio.TestTools.TestTypes.Unit.UnitTestAdapter, Microsoft.VisualStudio.QualityTools.Tips.UnitTest.Adapter, Version=10.0.0.0, Culture=neutral, PublicKeyToken=b03f5f7f11d50a3a" className="ProductSearch.Test.ProductRepositoryHarnessSpec, ProductSearch.Test, Version=1.0.0.0, Culture=neutral, PublicKeyToken=null" name="Should_return_productSearchResult_with_correct_output" />
    </UnitTest>
  </TestDefinitions>
  <TestLists>
    <TestList name="Results Not in a List" id="8c84fa94-04c1-424b-9868-57a2d4851a1d" />
    <TestList name="All Loaded Results" id="19431567-8539-422a-85d7-44ee4e166bda" />
  </TestLists>
  <TestEntries>
    <TestEntry testId="82d15174-6373-a130-d12b-4097ec81a053" executionId="c3b3872e-391e-4624-9810-9c2715c48b4a" testListId="8c84fa94-04c1-424b-9868-57a2d4851a1d" />
    <TestEntry testId="0139ff20-262e-9a88-471a-8223198f60d2" executionId="8149cfe1-90ed-4c26-82a1-b0e313626c0d" testListId="8c84fa94-04c1-424b-9868-57a2d4851a1d" />
  </TestEntries>
  <Results>
    <UnitTestResult executionId="c3b3872e-391e-4624-9810-9c2715c48b4a" testId="82d15174-6373-a130-d12b-4097ec81a053" testName="Should_return_error_is_true_if_error_has_occurred" computerName="STANNIS" duration="00:00:00.2251210" startTime="2011-08-17T08:07:46.7488110-04:00" endTime="2011-08-17T08:07:47.0188110-04:00" testType="13cdc9d9-ddb5-4fa4-a97d-d965ccfc6d4b" outcome="Failed" testListId="8c84fa94-04c1-424b-9868-57a2d4851a1d" relativeResultsDirectory="c3b3872e-391e-4624-9810-9c2715c48b4a">
      <Output>
        <ErrorInfo>
          <Message>Test method ProductSearch.Test.ProductRepositoryHarnessSpec.Should_return_error_is_true_if_error_has_occurred threw exception: 
System.InvalidOperationException: The delegate return value should be assignable from ProductSearch.Model.Product</Message>
          <StackTrace>    at Rhino.Mocks.Expectations.AbstractExpectation.AssertReturnTypeMatch(Delegate value)
   at Rhino.Mocks.Expectations.AbstractExpectation.set_ActionToExecute(Delegate value)
   at Rhino.Mocks.Impl.MethodOptions`1.Do(Delegate action)
   at ProductSearch.Test.ProductRepositoryHarnessSpec.Should_return_error_is_true_if_error_has_occurred() in C:\Git\ProductSearch\ProductSearch\ProductSearch.Test\ProductRepositoryHarnessSpec.cs:line 18
</StackTrace>
        </ErrorInfo>
      </Output>
    </UnitTestResult>
    <UnitTestResult executionId="8149cfe1-90ed-4c26-82a1-b0e313626c0d" testId="0139ff20-262e-9a88-471a-8223198f60d2" testName="Should_return_productSearchResult_with_correct_output" computerName="STANNIS" duration="00:00:00.0647219" startTime="2011-08-17T08:07:47.0208110-04:00" endTime="2011-08-17T08:07:47.0858110-04:00" testType="13cdc9d9-ddb5-4fa4-a97d-d965ccfc6d4b" outcome="Passed" testListId="8c84fa94-04c1-424b-9868-57a2d4851a1d" relativeResultsDirectory="8149cfe1-90ed-4c26-82a1-b0e313626c0d">
    </UnitTestResult>
  </Results>
</TestRun>