<?xml version="1.0" encoding="UTF-8"?>
<TestRun id="62bc718f-c27a-423a-a7f5-7f3e6653e9b7" name="escherrer@STANNIS 2011-08-17 08:08:10" runUser="REALTIMEPOS\escherrer" xmlns="http://microsoft.com/schemas/VisualStudio/TeamTest/2010">
  <TestSettings name="Local" id="f6952b63-5190-4850-acc6-2e7b5c513807">
    <Description>These are default test settings for a local test run.</Description>
    <Deployment enabled="false" runDeploymentRoot="escherrer_STANNIS 2011-08-17 08_08_10" />
    <Execution>
      <TestTypeSpecific />
      <AgentRule name="Execution Agents">
      </AgentRule>
    </Execution>
  </TestSettings>
  <Times creation="2011-08-17T08:08:10.9848110-04:00" queuing="2011-08-17T08:08:11.2548110-04:00" start="2011-08-17T08:08:11.3998110-04:00" finish="2011-08-17T08:08:11.7378110-04:00" />
  <ResultSummary outcome="Failed">
    <Counters total="1" executed="1" error="0" failed="1" timeout="0" aborted="0" inconclusive="0" passedButRunAborted="0" notRunnable="0" notExecuted="0" disconnected="0" warning="0" passed="0" completed="0" inProgress="0" pending="0" />
  </ResultSummary>
  <TestDefinitions>
    <UnitTest name="Only_the_most_recent_search_returns_results" storage="c:\git\productsearch\productsearch\productsearch.test\bin\debug\productsearch.test.dll" id="133de8c5-4999-23e0-8954-4457e1caf520">
      <Execution timeOut="1800000" id="cb5031f2-6aca-4af3-b3b1-5dfd90d7bd21" />
      <TestMethod codeBase="C:/Git/ProductSearch/ProductSearch/ProductSearch.Test/bin/Debug/ProductSearch.Test.DLL" adapterTypeName="Microsoft.VisualStudio.TestTools.TestTypes.Unit.UnitTestAdapter, Microsoft.VisualStudio.QualityTools.Tips.UnitTest.Adapter, Version=10.0.0.0, Culture=neutral, PublicKeyToken=b03f5f7f11d50a3a" className="ProductSearch.Test.ProductSearchManagerSpecs, ProductSearch.Test, Version=1.0.0.0, Culture=neutral, PublicKeyToken=null" name="Only_the_most_recent_search_returns_results" />
    </UnitTest>
  </TestDefinitions>
  <TestLists>
    <TestList name="Results Not in a List" id="8c84fa94-04c1-424b-9868-57a2d4851a1d" />
    <TestList name="All Loaded Results" id="19431567-8539-422a-85d7-44ee4e166bda" />
  </TestLists>
  <TestEntries>
    <TestEntry testId="133de8c5-4999-23e0-8954-4457e1caf520" executionId="cb5031f2-6aca-4af3-b3b1-5dfd90d7bd21" testListId="8c84fa94-04c1-424b-9868-57a2d4851a1d" />
  </TestEntries>
  <Results>
    <UnitTestResult executionId="cb5031f2-6aca-4af3-b3b1-5dfd90d7bd21" testId="133de8c5-4999-23e0-8954-4457e1caf520" testName="Only_the_most_recent_search_returns_results" computerName="STANNIS" duration="00:00:00.2069841" startTime="2011-08-17T08:08:11.4328110-04:00" endTime="2011-08-17T08:08:11.6838110-04:00" testType="13cdc9d9-ddb5-4fa4-a97d-d965ccfc6d4b" outcome="Failed" testListId="8c84fa94-04c1-424b-9868-57a2d4851a1d" relativeResultsDirectory="cb5031f2-6aca-4af3-b3b1-5dfd90d7bd21">
      <Output>
        <ErrorInfo>
          <Message>Test method ProductSearch.Test.ProductSearchManagerSpecs.Only_the_most_recent_search_returns_results threw exception: 
System.InvalidOperationException: The delegate return value should be assignable from ProductSearch.Model.Product</Message>
          <StackTrace>    at Rhino.Mocks.Expectations.AbstractExpectation.AssertReturnTypeMatch(Delegate value)
   at Rhino.Mocks.Expectations.AbstractExpectation.set_ActionToExecute(Delegate value)
   at Rhino.Mocks.Impl.MethodOptions`1.Do(Delegate action)
   at ProductSearch.Test.ProductSearchManagerSpecs.Only_the_most_recent_search_returns_results() in C:\Git\ProductSearch\ProductSearch\ProductSearch.Test\ProductSearchManagerSpecs.cs:line 27
</StackTrace>
        </ErrorInfo>
      </Output>
    </UnitTestResult>
  </Results>
</TestRun>