<?xml version="1.0" encoding="UTF-8"?>
<TestRun id="f56c57b0-5fcd-424b-8a4f-4ba986f706d6" name="escherrer@STANNIS 2011-08-13 14:01:02" runUser="REALTIMEPOS\escherrer" xmlns="http://microsoft.com/schemas/VisualStudio/TeamTest/2010">
  <TestSettings name="Local" id="f6952b63-5190-4850-acc6-2e7b5c513807">
    <Description>These are default test settings for a local test run.</Description>
    <Deployment enabled="false" runDeploymentRoot="escherrer_STANNIS 2011-08-13 14_01_02" />
    <Execution>
      <TestTypeSpecific />
      <AgentRule name="Execution Agents">
      </AgentRule>
    </Execution>
  </TestSettings>
  <Times creation="2011-08-13T14:01:02.5380473-04:00" queuing="2011-08-13T14:01:02.8260761-04:00" start="2011-08-13T14:01:02.9760911-04:00" finish="2011-08-13T14:01:03.1541089-04:00" />
  <ResultSummary outcome="Completed">
    <Counters total="3" executed="3" passed="3" error="0" failed="0" timeout="0" aborted="0" inconclusive="0" passedButRunAborted="0" notRunnable="0" notExecuted="0" disconnected="0" warning="0" completed="0" inProgress="0" pending="0" />
  </ResultSummary>
  <TestDefinitions>
    <UnitTest name="When_a_search_is_cancelled_it_should_return_failure_results" storage="c:\git\productsearch\productsearch\productsearch.test\bin\debug\productsearch.test.dll" id="5a791b6d-7bb1-cf02-43ba-39f9cdcb9367">
      <Execution timeOut="1800000" id="c0fb4ffc-97cb-4c06-8a1f-7a688f4a0fc8" />
      <TestMethod codeBase="C:/Git/ProductSearch/ProductSearch/ProductSearch.Test/bin/Debug/ProductSearch.Test.DLL" adapterTypeName="Microsoft.VisualStudio.TestTools.TestTypes.Unit.UnitTestAdapter, Microsoft.VisualStudio.QualityTools.Tips.UnitTest.Adapter, Version=10.0.0.0, Culture=neutral, PublicKeyToken=b03f5f7f11d50a3a" className="ProductSearch.Test.SearchWorkerSpecs, ProductSearch.Test, Version=1.0.0.0, Culture=neutral, PublicKeyToken=null" name="When_a_search_is_cancelled_it_should_return_failure_results" />
    </UnitTest>
    <UnitTest name="When_a_search_finishes_successfully_it_should_return_success_results" storage="c:\git\productsearch\productsearch\productsearch.test\bin\debug\productsearch.test.dll" id="180797e1-6c7b-08d1-f075-c3cf75de5e9c">
      <Execution timeOut="1800000" id="920a4157-504a-47d7-8133-c8a9f65c5001" />
      <TestMethod codeBase="C:/Git/ProductSearch/ProductSearch/ProductSearch.Test/bin/Debug/ProductSearch.Test.DLL" adapterTypeName="Microsoft.VisualStudio.TestTools.TestTypes.Unit.UnitTestAdapter, Microsoft.VisualStudio.QualityTools.Tips.UnitTest.Adapter, Version=10.0.0.0, Culture=neutral, PublicKeyToken=b03f5f7f11d50a3a" className="ProductSearch.Test.SearchWorkerSpecs, ProductSearch.Test, Version=1.0.0.0, Culture=neutral, PublicKeyToken=null" name="When_a_search_finishes_successfully_it_should_return_success_results" />
    </UnitTest>
    <UnitTest name="When_a_search_fails_it_should_return_failure_results" storage="c:\git\productsearch\productsearch\productsearch.test\bin\debug\productsearch.test.dll" id="a4d8f80a-cc61-e6bb-26af-c569bf0fb3e0">
      <Execution timeOut="1800000" id="82711ec8-8b28-480a-bade-92e248d3dd3d" />
      <TestMethod codeBase="C:/Git/ProductSearch/ProductSearch/ProductSearch.Test/bin/Debug/ProductSearch.Test.DLL" adapterTypeName="Microsoft.VisualStudio.TestTools.TestTypes.Unit.UnitTestAdapter, Microsoft.VisualStudio.QualityTools.Tips.UnitTest.Adapter, Version=10.0.0.0, Culture=neutral, PublicKeyToken=b03f5f7f11d50a3a" className="ProductSearch.Test.SearchWorkerSpecs, ProductSearch.Test, Version=1.0.0.0, Culture=neutral, PublicKeyToken=null" name="When_a_search_fails_it_should_return_failure_results" />
    </UnitTest>
  </TestDefinitions>
  <TestLists>
    <TestList name="Results Not in a List" id="8c84fa94-04c1-424b-9868-57a2d4851a1d" />
    <TestList name="All Loaded Results" id="19431567-8539-422a-85d7-44ee4e166bda" />
  </TestLists>
  <TestEntries>
    <TestEntry testId="a4d8f80a-cc61-e6bb-26af-c569bf0fb3e0" executionId="82711ec8-8b28-480a-bade-92e248d3dd3d" testListId="8c84fa94-04c1-424b-9868-57a2d4851a1d" />
    <TestEntry testId="180797e1-6c7b-08d1-f075-c3cf75de5e9c" executionId="920a4157-504a-47d7-8133-c8a9f65c5001" testListId="8c84fa94-04c1-424b-9868-57a2d4851a1d" />
    <TestEntry testId="5a791b6d-7bb1-cf02-43ba-39f9cdcb9367" executionId="c0fb4ffc-97cb-4c06-8a1f-7a688f4a0fc8" testListId="8c84fa94-04c1-424b-9868-57a2d4851a1d" />
  </TestEntries>
  <Results>
    <UnitTestResult executionId="82711ec8-8b28-480a-bade-92e248d3dd3d" testId="a4d8f80a-cc61-e6bb-26af-c569bf0fb3e0" testName="When_a_search_fails_it_should_return_failure_results" computerName="STANNIS" duration="00:00:00.0158929" startTime="2011-08-13T14:01:03.0090944-04:00" endTime="2011-08-13T14:01:03.0911026-04:00" testType="13cdc9d9-ddb5-4fa4-a97d-d965ccfc6d4b" outcome="Passed" testListId="8c84fa94-04c1-424b-9868-57a2d4851a1d" relativeResultsDirectory="82711ec8-8b28-480a-bade-92e248d3dd3d">
    </UnitTestResult>
    <UnitTestResult executionId="920a4157-504a-47d7-8133-c8a9f65c5001" testId="180797e1-6c7b-08d1-f075-c3cf75de5e9c" testName="When_a_search_finishes_successfully_it_should_return_success_results" computerName="STANNIS" duration="00:00:00.0001027" startTime="2011-08-13T14:01:03.0931028-04:00" endTime="2011-08-13T14:01:03.0931028-04:00" testType="13cdc9d9-ddb5-4fa4-a97d-d965ccfc6d4b" outcome="Passed" testListId="8c84fa94-04c1-424b-9868-57a2d4851a1d" relativeResultsDirectory="920a4157-504a-47d7-8133-c8a9f65c5001">
    </UnitTestResult>
    <UnitTestResult executionId="c0fb4ffc-97cb-4c06-8a1f-7a688f4a0fc8" testId="5a791b6d-7bb1-cf02-43ba-39f9cdcb9367" testName="When_a_search_is_cancelled_it_should_return_failure_results" computerName="STANNIS" duration="00:00:00.0000877" startTime="2011-08-13T14:01:03.0941029-04:00" endTime="2011-08-13T14:01:03.0951030-04:00" testType="13cdc9d9-ddb5-4fa4-a97d-d965ccfc6d4b" outcome="Passed" testListId="8c84fa94-04c1-424b-9868-57a2d4851a1d" relativeResultsDirectory="c0fb4ffc-97cb-4c06-8a1f-7a688f4a0fc8">
    </UnitTestResult>
  </Results>
</TestRun>