<?xml version="1.0" encoding="UTF-8"?>
<TestRun id="ce5a1a1d-bc20-45db-ab77-61cc975797ee" name="escherrer@STANNIS 2011-08-14 21:00:46" runUser="REALTIMEPOS\escherrer" xmlns="http://microsoft.com/schemas/VisualStudio/TeamTest/2010">
  <TestSettings name="Local" id="f6952b63-5190-4850-acc6-2e7b5c513807">
    <Description>These are default test settings for a local test run.</Description>
    <Deployment enabled="false" runDeploymentRoot="escherrer_STANNIS 2011-08-14 21_00_46" />
    <Execution>
      <TestTypeSpecific />
      <AgentRule name="Execution Agents">
      </AgentRule>
    </Execution>
  </TestSettings>
  <Times creation="2011-08-14T21:00:46.3565682-04:00" queuing="2011-08-14T21:00:46.6335959-04:00" start="2011-08-14T21:00:46.7876113-04:00" finish="2011-08-14T21:00:54.2493574-04:00" />
  <ResultSummary outcome="Completed">
    <Counters total="5" executed="5" passed="5" error="0" failed="0" timeout="0" aborted="0" inconclusive="0" passedButRunAborted="0" notRunnable="0" notExecuted="0" disconnected="0" warning="0" completed="0" inProgress="0" pending="0" />
  </ResultSummary>
  <TestDefinitions>
    <UnitTest name="When_a_search_is_performed_it_queries_the_repo_and_returns_results_asyncronously" storage="c:\git\productsearch\productsearch\productsearch.test\bin\debug\productsearch.test.dll" id="d6b1356a-3806-48ad-bb0d-e27475158d2a">
      <Execution timeOut="1800000" id="ac8b177f-bb34-4b12-b5b6-93a1e3104cd0" />
      <TestMethod codeBase="C:/Git/ProductSearch/ProductSearch/ProductSearch.Test/bin/Debug/ProductSearch.Test.DLL" adapterTypeName="Microsoft.VisualStudio.TestTools.TestTypes.Unit.UnitTestAdapter, Microsoft.VisualStudio.QualityTools.Tips.UnitTest.Adapter, Version=10.0.0.0, Culture=neutral, PublicKeyToken=b03f5f7f11d50a3a" className="ProductSearch.Test.ProductSearchWorkerSpecs, ProductSearch.Test, Version=1.0.0.0, Culture=neutral, PublicKeyToken=null" name="When_a_search_is_performed_it_queries_the_repo_and_returns_results_asyncronously" />
    </UnitTest>
    <UnitTest name="When_a_search_is_performed_and_the_repository_fails_results_indicate_an_error_occurred" storage="c:\git\productsearch\productsearch\productsearch.test\bin\debug\productsearch.test.dll" id="0999264e-6f26-b1ae-9673-0e04617969b9">
      <Execution timeOut="1800000" id="cc73db5f-2afb-4c8b-99db-cbbc800c439c" />
      <TestMethod codeBase="C:/Git/ProductSearch/ProductSearch/ProductSearch.Test/bin/Debug/ProductSearch.Test.DLL" adapterTypeName="Microsoft.VisualStudio.TestTools.TestTypes.Unit.UnitTestAdapter, Microsoft.VisualStudio.QualityTools.Tips.UnitTest.Adapter, Version=10.0.0.0, Culture=neutral, PublicKeyToken=b03f5f7f11d50a3a" className="ProductSearch.Test.ProductSearchWorkerSpecs, ProductSearch.Test, Version=1.0.0.0, Culture=neutral, PublicKeyToken=null" name="When_a_search_is_performed_and_the_repository_fails_results_indicate_an_error_occurred" />
    </UnitTest>
    <UnitTest name="A_product_search_worker_can_only_be_fired_off_once" storage="c:\git\productsearch\productsearch\productsearch.test\bin\debug\productsearch.test.dll" id="724c19a4-1167-2707-e7e6-c4b41042cf2d">
      <Execution timeOut="1800000" id="5c68eaf6-77f5-4b29-8aa5-d14657dc266e" />
      <TestMethod codeBase="C:/Git/ProductSearch/ProductSearch/ProductSearch.Test/bin/Debug/ProductSearch.Test.DLL" adapterTypeName="Microsoft.VisualStudio.TestTools.TestTypes.Unit.UnitTestAdapter, Microsoft.VisualStudio.QualityTools.Tips.UnitTest.Adapter, Version=10.0.0.0, Culture=neutral, PublicKeyToken=b03f5f7f11d50a3a" className="ProductSearch.Test.ProductSearchWorkerSpecs, ProductSearch.Test, Version=1.0.0.0, Culture=neutral, PublicKeyToken=null" name="A_product_search_worker_can_only_be_fired_off_once" />
    </UnitTest>
    <UnitTest name="When_a_search_is_cancelled_it_calls_back_with_a_cancelled_result" storage="c:\git\productsearch\productsearch\productsearch.test\bin\debug\productsearch.test.dll" id="beb8a403-a833-dcca-7429-520795433071">
      <Execution timeOut="1800000" id="f5891f01-82a6-4f86-9103-85c552095bd6" />
      <TestMethod codeBase="C:/Git/ProductSearch/ProductSearch/ProductSearch.Test/bin/Debug/ProductSearch.Test.DLL" adapterTypeName="Microsoft.VisualStudio.TestTools.TestTypes.Unit.UnitTestAdapter, Microsoft.VisualStudio.QualityTools.Tips.UnitTest.Adapter, Version=10.0.0.0, Culture=neutral, PublicKeyToken=b03f5f7f11d50a3a" className="ProductSearch.Test.ProductSearchWorkerSpecs, ProductSearch.Test, Version=1.0.0.0, Culture=neutral, PublicKeyToken=null" name="When_a_search_is_cancelled_it_calls_back_with_a_cancelled_result" />
    </UnitTest>
    <UnitTest name="A_product_search_worker_can_only_be_cancelled_if_there_has_been_a_search" storage="c:\git\productsearch\productsearch\productsearch.test\bin\debug\productsearch.test.dll" id="c27e0160-1e59-ac24-131e-8568d7d9c2af">
      <Execution timeOut="1800000" id="c1759987-de75-45d3-a2c9-bdb8fa1a0ccf" />
      <TestMethod codeBase="C:/Git/ProductSearch/ProductSearch/ProductSearch.Test/bin/Debug/ProductSearch.Test.DLL" adapterTypeName="Microsoft.VisualStudio.TestTools.TestTypes.Unit.UnitTestAdapter, Microsoft.VisualStudio.QualityTools.Tips.UnitTest.Adapter, Version=10.0.0.0, Culture=neutral, PublicKeyToken=b03f5f7f11d50a3a" className="ProductSearch.Test.ProductSearchWorkerSpecs, ProductSearch.Test, Version=1.0.0.0, Culture=neutral, PublicKeyToken=null" name="A_product_search_worker_can_only_be_cancelled_if_there_has_been_a_search" />
    </UnitTest>
  </TestDefinitions>
  <TestLists>
    <TestList name="Results Not in a List" id="8c84fa94-04c1-424b-9868-57a2d4851a1d" />
    <TestList name="All Loaded Results" id="19431567-8539-422a-85d7-44ee4e166bda" />
  </TestLists>
  <TestEntries>
    <TestEntry testId="c27e0160-1e59-ac24-131e-8568d7d9c2af" executionId="c1759987-de75-45d3-a2c9-bdb8fa1a0ccf" testListId="8c84fa94-04c1-424b-9868-57a2d4851a1d" />
    <TestEntry testId="724c19a4-1167-2707-e7e6-c4b41042cf2d" executionId="5c68eaf6-77f5-4b29-8aa5-d14657dc266e" testListId="8c84fa94-04c1-424b-9868-57a2d4851a1d" />
    <TestEntry testId="beb8a403-a833-dcca-7429-520795433071" executionId="f5891f01-82a6-4f86-9103-85c552095bd6" testListId="8c84fa94-04c1-424b-9868-57a2d4851a1d" />
    <TestEntry testId="0999264e-6f26-b1ae-9673-0e04617969b9" executionId="cc73db5f-2afb-4c8b-99db-cbbc800c439c" testListId="8c84fa94-04c1-424b-9868-57a2d4851a1d" />
    <TestEntry testId="d6b1356a-3806-48ad-bb0d-e27475158d2a" executionId="ac8b177f-bb34-4b12-b5b6-93a1e3104cd0" testListId="8c84fa94-04c1-424b-9868-57a2d4851a1d" />
  </TestEntries>
  <Results>
    <UnitTestResult executionId="c1759987-de75-45d3-a2c9-bdb8fa1a0ccf" testId="c27e0160-1e59-ac24-131e-8568d7d9c2af" testName="A_product_search_worker_can_only_be_cancelled_if_there_has_been_a_search" computerName="STANNIS" duration="00:00:00.2378279" startTime="2011-08-14T21:00:46.8206146-04:00" endTime="2011-08-14T21:00:47.1116437-04:00" testType="13cdc9d9-ddb5-4fa4-a97d-d965ccfc6d4b" outcome="Passed" testListId="8c84fa94-04c1-424b-9868-57a2d4851a1d" relativeResultsDirectory="c1759987-de75-45d3-a2c9-bdb8fa1a0ccf">
    </UnitTestResult>
    <UnitTestResult executionId="5c68eaf6-77f5-4b29-8aa5-d14657dc266e" testId="724c19a4-1167-2707-e7e6-c4b41042cf2d" testName="A_product_search_worker_can_only_be_fired_off_once" computerName="STANNIS" duration="00:00:00.0042651" startTime="2011-08-14T21:00:47.1136439-04:00" endTime="2011-08-14T21:00:47.1186444-04:00" testType="13cdc9d9-ddb5-4fa4-a97d-d965ccfc6d4b" outcome="Passed" testListId="8c84fa94-04c1-424b-9868-57a2d4851a1d" relativeResultsDirectory="5c68eaf6-77f5-4b29-8aa5-d14657dc266e">
    </UnitTestResult>
    <UnitTestResult executionId="f5891f01-82a6-4f86-9103-85c552095bd6" testId="beb8a403-a833-dcca-7429-520795433071" testName="When_a_search_is_cancelled_it_calls_back_with_a_cancelled_result" computerName="STANNIS" duration="00:00:05.0015067" startTime="2011-08-14T21:00:47.1196445-04:00" endTime="2011-08-14T21:00:52.1221447-04:00" testType="13cdc9d9-ddb5-4fa4-a97d-d965ccfc6d4b" outcome="Passed" testListId="8c84fa94-04c1-424b-9868-57a2d4851a1d" relativeResultsDirectory="f5891f01-82a6-4f86-9103-85c552095bd6">
    </UnitTestResult>
    <UnitTestResult executionId="cc73db5f-2afb-4c8b-99db-cbbc800c439c" testId="0999264e-6f26-b1ae-9673-0e04617969b9" testName="When_a_search_is_performed_and_the_repository_fails_results_indicate_an_error_occurred" computerName="STANNIS" duration="00:00:01.0105590" startTime="2011-08-14T21:00:52.1241449-04:00" endTime="2011-08-14T21:00:53.1352460-04:00" testType="13cdc9d9-ddb5-4fa4-a97d-d965ccfc6d4b" outcome="Passed" testListId="8c84fa94-04c1-424b-9868-57a2d4851a1d" relativeResultsDirectory="cc73db5f-2afb-4c8b-99db-cbbc800c439c">
    </UnitTestResult>
    <UnitTestResult executionId="ac8b177f-bb34-4b12-b5b6-93a1e3104cd0" testId="d6b1356a-3806-48ad-bb0d-e27475158d2a" testName="When_a_search_is_performed_it_queries_the_repo_and_returns_results_asyncronously" computerName="STANNIS" duration="00:00:01.0026197" startTime="2011-08-14T21:00:53.1372462-04:00" endTime="2011-08-14T21:00:54.1403465-04:00" testType="13cdc9d9-ddb5-4fa4-a97d-d965ccfc6d4b" outcome="Passed" testListId="8c84fa94-04c1-424b-9868-57a2d4851a1d" relativeResultsDirectory="ac8b177f-bb34-4b12-b5b6-93a1e3104cd0">
    </UnitTestResult>
  </Results>
</TestRun>