<?xml version="1.0" encoding="UTF-8"?>
<TestRun id="50d93040-e35d-4718-81c2-254268154b4c" name="escherrer@STANNIS 2011-08-14 20:19:32" runUser="REALTIMEPOS\escherrer" xmlns="http://microsoft.com/schemas/VisualStudio/TeamTest/2010">
  <TestSettings name="Local" id="f6952b63-5190-4850-acc6-2e7b5c513807">
    <Description>These are default test settings for a local test run.</Description>
    <Deployment enabled="false" runDeploymentRoot="escherrer_STANNIS 2011-08-14 20_19_32" />
    <Execution>
      <TestTypeSpecific />
      <AgentRule name="Execution Agents">
      </AgentRule>
    </Execution>
  </TestSettings>
  <Times creation="2011-08-14T20:19:32.0200623-04:00" queuing="2011-08-14T20:19:32.2960623-04:00" start="2011-08-14T20:19:32.4420623-04:00" finish="2011-08-14T20:19:38.8750623-04:00" />
  <ResultSummary outcome="Completed">
    <Counters total="4" executed="4" passed="4" error="0" failed="0" timeout="0" aborted="0" inconclusive="0" passedButRunAborted="0" notRunnable="0" notExecuted="0" disconnected="0" warning="0" completed="0" inProgress="0" pending="0" />
  </ResultSummary>
  <TestDefinitions>
    <UnitTest name="When_a_search_is_performed_it_queries_the_repo_and_returns_results_asyncronously" storage="c:\git\productsearch\productsearch\productsearch.test\bin\debug\productsearch.test.dll" id="d6b1356a-3806-48ad-bb0d-e27475158d2a">
      <Execution timeOut="1800000" id="38001750-a4ac-4d5b-8fb0-f71ef97d319c" />
      <TestMethod codeBase="C:/Git/ProductSearch/ProductSearch/ProductSearch.Test/bin/Debug/ProductSearch.Test.DLL" adapterTypeName="Microsoft.VisualStudio.TestTools.TestTypes.Unit.UnitTestAdapter, Microsoft.VisualStudio.QualityTools.Tips.UnitTest.Adapter, Version=10.0.0.0, Culture=neutral, PublicKeyToken=b03f5f7f11d50a3a" className="ProductSearch.Test.ProductSearchWorkerSpecs, ProductSearch.Test, Version=1.0.0.0, Culture=neutral, PublicKeyToken=null" name="When_a_search_is_performed_it_queries_the_repo_and_returns_results_asyncronously" />
    </UnitTest>
    <UnitTest name="A_product_search_worker_can_only_be_fired_off_once" storage="c:\git\productsearch\productsearch\productsearch.test\bin\debug\productsearch.test.dll" id="724c19a4-1167-2707-e7e6-c4b41042cf2d">
      <Execution timeOut="1800000" id="acb1424a-966a-489a-8849-4cd0e1e0eef6" />
      <TestMethod codeBase="C:/Git/ProductSearch/ProductSearch/ProductSearch.Test/bin/Debug/ProductSearch.Test.DLL" adapterTypeName="Microsoft.VisualStudio.TestTools.TestTypes.Unit.UnitTestAdapter, Microsoft.VisualStudio.QualityTools.Tips.UnitTest.Adapter, Version=10.0.0.0, Culture=neutral, PublicKeyToken=b03f5f7f11d50a3a" className="ProductSearch.Test.ProductSearchWorkerSpecs, ProductSearch.Test, Version=1.0.0.0, Culture=neutral, PublicKeyToken=null" name="A_product_search_worker_can_only_be_fired_off_once" />
    </UnitTest>
    <UnitTest name="When_a_search_is_cancelled_it_calls_back_with_a_cancelled_result" storage="c:\git\productsearch\productsearch\productsearch.test\bin\debug\productsearch.test.dll" id="beb8a403-a833-dcca-7429-520795433071">
      <Execution timeOut="1800000" id="25f0b99e-20d0-465e-96e4-0c04ba1393cb" />
      <TestMethod codeBase="C:/Git/ProductSearch/ProductSearch/ProductSearch.Test/bin/Debug/ProductSearch.Test.DLL" adapterTypeName="Microsoft.VisualStudio.TestTools.TestTypes.Unit.UnitTestAdapter, Microsoft.VisualStudio.QualityTools.Tips.UnitTest.Adapter, Version=10.0.0.0, Culture=neutral, PublicKeyToken=b03f5f7f11d50a3a" className="ProductSearch.Test.ProductSearchWorkerSpecs, ProductSearch.Test, Version=1.0.0.0, Culture=neutral, PublicKeyToken=null" name="When_a_search_is_cancelled_it_calls_back_with_a_cancelled_result" />
    </UnitTest>
    <UnitTest name="A_product_search_worker_can_only_be_cancelled_if_there_has_been_a_search" storage="c:\git\productsearch\productsearch\productsearch.test\bin\debug\productsearch.test.dll" id="c27e0160-1e59-ac24-131e-8568d7d9c2af">
      <Execution timeOut="1800000" id="6757f17d-0143-4374-83cf-9cca287091f8" />
      <TestMethod codeBase="C:/Git/ProductSearch/ProductSearch/ProductSearch.Test/bin/Debug/ProductSearch.Test.DLL" adapterTypeName="Microsoft.VisualStudio.TestTools.TestTypes.Unit.UnitTestAdapter, Microsoft.VisualStudio.QualityTools.Tips.UnitTest.Adapter, Version=10.0.0.0, Culture=neutral, PublicKeyToken=b03f5f7f11d50a3a" className="ProductSearch.Test.ProductSearchWorkerSpecs, ProductSearch.Test, Version=1.0.0.0, Culture=neutral, PublicKeyToken=null" name="A_product_search_worker_can_only_be_cancelled_if_there_has_been_a_search" />
    </UnitTest>
  </TestDefinitions>
  <TestLists>
    <TestList name="Results Not in a List" id="8c84fa94-04c1-424b-9868-57a2d4851a1d" />
    <TestList name="All Loaded Results" id="19431567-8539-422a-85d7-44ee4e166bda" />
  </TestLists>
  <TestEntries>
    <TestEntry testId="c27e0160-1e59-ac24-131e-8568d7d9c2af" executionId="6757f17d-0143-4374-83cf-9cca287091f8" testListId="8c84fa94-04c1-424b-9868-57a2d4851a1d" />
    <TestEntry testId="724c19a4-1167-2707-e7e6-c4b41042cf2d" executionId="acb1424a-966a-489a-8849-4cd0e1e0eef6" testListId="8c84fa94-04c1-424b-9868-57a2d4851a1d" />
    <TestEntry testId="beb8a403-a833-dcca-7429-520795433071" executionId="25f0b99e-20d0-465e-96e4-0c04ba1393cb" testListId="8c84fa94-04c1-424b-9868-57a2d4851a1d" />
    <TestEntry testId="d6b1356a-3806-48ad-bb0d-e27475158d2a" executionId="38001750-a4ac-4d5b-8fb0-f71ef97d319c" testListId="8c84fa94-04c1-424b-9868-57a2d4851a1d" />
  </TestEntries>
  <Results>
    <UnitTestResult executionId="6757f17d-0143-4374-83cf-9cca287091f8" testId="c27e0160-1e59-ac24-131e-8568d7d9c2af" testName="A_product_search_worker_can_only_be_cancelled_if_there_has_been_a_search" computerName="STANNIS" duration="00:00:00.2289093" startTime="2011-08-14T20:19:32.4760623-04:00" endTime="2011-08-14T20:19:32.7590623-04:00" testType="13cdc9d9-ddb5-4fa4-a97d-d965ccfc6d4b" outcome="Passed" testListId="8c84fa94-04c1-424b-9868-57a2d4851a1d" relativeResultsDirectory="6757f17d-0143-4374-83cf-9cca287091f8">
    </UnitTestResult>
    <UnitTestResult executionId="acb1424a-966a-489a-8849-4cd0e1e0eef6" testId="724c19a4-1167-2707-e7e6-c4b41042cf2d" testName="A_product_search_worker_can_only_be_fired_off_once" computerName="STANNIS" duration="00:00:00.0042796" startTime="2011-08-14T20:19:32.7610623-04:00" endTime="2011-08-14T20:19:32.7660623-04:00" testType="13cdc9d9-ddb5-4fa4-a97d-d965ccfc6d4b" outcome="Passed" testListId="8c84fa94-04c1-424b-9868-57a2d4851a1d" relativeResultsDirectory="acb1424a-966a-489a-8849-4cd0e1e0eef6">
    </UnitTestResult>
    <UnitTestResult executionId="25f0b99e-20d0-465e-96e4-0c04ba1393cb" testId="beb8a403-a833-dcca-7429-520795433071" testName="When_a_search_is_cancelled_it_calls_back_with_a_cancelled_result" computerName="STANNIS" duration="00:00:05.0022341" startTime="2011-08-14T20:19:32.7670623-04:00" endTime="2011-08-14T20:19:37.7700623-04:00" testType="13cdc9d9-ddb5-4fa4-a97d-d965ccfc6d4b" outcome="Passed" testListId="8c84fa94-04c1-424b-9868-57a2d4851a1d" relativeResultsDirectory="25f0b99e-20d0-465e-96e4-0c04ba1393cb">
    </UnitTestResult>
    <UnitTestResult executionId="38001750-a4ac-4d5b-8fb0-f71ef97d319c" testId="d6b1356a-3806-48ad-bb0d-e27475158d2a" testName="When_a_search_is_performed_it_queries_the_repo_and_returns_results_asyncronously" computerName="STANNIS" duration="00:00:01.0113740" startTime="2011-08-14T20:19:37.7720623-04:00" endTime="2011-08-14T20:19:38.7840623-04:00" testType="13cdc9d9-ddb5-4fa4-a97d-d965ccfc6d4b" outcome="Passed" testListId="8c84fa94-04c1-424b-9868-57a2d4851a1d" relativeResultsDirectory="38001750-a4ac-4d5b-8fb0-f71ef97d319c">
    </UnitTestResult>
  </Results>
</TestRun>