<?xml version="1.0" encoding="UTF-8"?>
<TestRun id="b1695b9e-26c8-46fe-bb18-ab646a67a530" name="escherrer@STANNIS 2011-08-16 00:40:30" runUser="REALTIMEPOS\escherrer" xmlns="http://microsoft.com/schemas/VisualStudio/TeamTest/2010">
  <TestSettings name="Local" id="f6952b63-5190-4850-acc6-2e7b5c513807">
    <Description>These are default test settings for a local test run.</Description>
    <Deployment enabled="false" runDeploymentRoot="escherrer_STANNIS 2011-08-16 00_40_30" />
    <Execution>
      <TestTypeSpecific />
      <AgentRule name="Execution Agents">
      </AgentRule>
    </Execution>
  </TestSettings>
  <Times creation="2011-08-16T00:40:30.7236262-04:00" queuing="2011-08-16T00:40:30.9906262-04:00" start="2011-08-16T00:40:31.1396262-04:00" finish="2011-08-16T00:40:38.5776262-04:00" />
  <ResultSummary outcome="Completed">
    <Counters total="3" executed="3" passed="3" error="0" failed="0" timeout="0" aborted="0" inconclusive="0" passedButRunAborted="0" notRunnable="0" notExecuted="0" disconnected="0" warning="0" completed="0" inProgress="0" pending="0" />
  </ResultSummary>
  <TestDefinitions>
    <UnitTest name="When_a_search_is_performed_it_queries_the_repo_and_returns_results_asyncronously" storage="c:\git\productsearch\productsearch\productsearch.test\bin\debug\productsearch.test.dll" id="d6b1356a-3806-48ad-bb0d-e27475158d2a">
      <Execution timeOut="1800000" id="4ad8ea27-4d1a-4be9-bc73-e2f03c51504d" />
      <TestMethod codeBase="C:/Git/ProductSearch/ProductSearch/ProductSearch.Test/bin/Debug/ProductSearch.Test.DLL" adapterTypeName="Microsoft.VisualStudio.TestTools.TestTypes.Unit.UnitTestAdapter, Microsoft.VisualStudio.QualityTools.Tips.UnitTest.Adapter, Version=10.0.0.0, Culture=neutral, PublicKeyToken=b03f5f7f11d50a3a" className="ProductSearch.Test.ProductSearchWorkerSpecs, ProductSearch.Test, Version=1.0.0.0, Culture=neutral, PublicKeyToken=null" name="When_a_search_is_performed_it_queries_the_repo_and_returns_results_asyncronously" />
    </UnitTest>
    <UnitTest name="When_a_search_is_performed_and_the_repository_fails_results_indicate_an_error_occurred" storage="c:\git\productsearch\productsearch\productsearch.test\bin\debug\productsearch.test.dll" id="0999264e-6f26-b1ae-9673-0e04617969b9">
      <Execution timeOut="1800000" id="f07c19d5-b1a7-448f-875b-15f77d6760fb" />
      <TestMethod codeBase="C:/Git/ProductSearch/ProductSearch/ProductSearch.Test/bin/Debug/ProductSearch.Test.DLL" adapterTypeName="Microsoft.VisualStudio.TestTools.TestTypes.Unit.UnitTestAdapter, Microsoft.VisualStudio.QualityTools.Tips.UnitTest.Adapter, Version=10.0.0.0, Culture=neutral, PublicKeyToken=b03f5f7f11d50a3a" className="ProductSearch.Test.ProductSearchWorkerSpecs, ProductSearch.Test, Version=1.0.0.0, Culture=neutral, PublicKeyToken=null" name="When_a_search_is_performed_and_the_repository_fails_results_indicate_an_error_occurred" />
    </UnitTest>
    <UnitTest name="When_a_search_is_cancelled_it_calls_back_with_a_cancelled_result" storage="c:\git\productsearch\productsearch\productsearch.test\bin\debug\productsearch.test.dll" id="beb8a403-a833-dcca-7429-520795433071">
      <Execution timeOut="1800000" id="36fd794f-aba4-43cb-9e92-f3b91affc93e" />
      <TestMethod codeBase="C:/Git/ProductSearch/ProductSearch/ProductSearch.Test/bin/Debug/ProductSearch.Test.DLL" adapterTypeName="Microsoft.VisualStudio.TestTools.TestTypes.Unit.UnitTestAdapter, Microsoft.VisualStudio.QualityTools.Tips.UnitTest.Adapter, Version=10.0.0.0, Culture=neutral, PublicKeyToken=b03f5f7f11d50a3a" className="ProductSearch.Test.ProductSearchWorkerSpecs, ProductSearch.Test, Version=1.0.0.0, Culture=neutral, PublicKeyToken=null" name="When_a_search_is_cancelled_it_calls_back_with_a_cancelled_result" />
    </UnitTest>
  </TestDefinitions>
  <TestLists>
    <TestList name="Results Not in a List" id="8c84fa94-04c1-424b-9868-57a2d4851a1d" />
    <TestList name="All Loaded Results" id="19431567-8539-422a-85d7-44ee4e166bda" />
  </TestLists>
  <TestEntries>
    <TestEntry testId="beb8a403-a833-dcca-7429-520795433071" executionId="36fd794f-aba4-43cb-9e92-f3b91affc93e" testListId="8c84fa94-04c1-424b-9868-57a2d4851a1d" />
    <TestEntry testId="0999264e-6f26-b1ae-9673-0e04617969b9" executionId="f07c19d5-b1a7-448f-875b-15f77d6760fb" testListId="8c84fa94-04c1-424b-9868-57a2d4851a1d" />
    <TestEntry testId="d6b1356a-3806-48ad-bb0d-e27475158d2a" executionId="4ad8ea27-4d1a-4be9-bc73-e2f03c51504d" testListId="8c84fa94-04c1-424b-9868-57a2d4851a1d" />
  </TestEntries>
  <Results>
    <UnitTestResult executionId="36fd794f-aba4-43cb-9e92-f3b91affc93e" testId="beb8a403-a833-dcca-7429-520795433071" testName="When_a_search_is_cancelled_it_calls_back_with_a_cancelled_result" computerName="STANNIS" duration="00:00:05.2324768" startTime="2011-08-16T00:40:31.1736262-04:00" endTime="2011-08-16T00:40:36.4566262-04:00" testType="13cdc9d9-ddb5-4fa4-a97d-d965ccfc6d4b" outcome="Passed" testListId="8c84fa94-04c1-424b-9868-57a2d4851a1d" relativeResultsDirectory="36fd794f-aba4-43cb-9e92-f3b91affc93e">
    </UnitTestResult>
    <UnitTestResult executionId="f07c19d5-b1a7-448f-875b-15f77d6760fb" testId="0999264e-6f26-b1ae-9673-0e04617969b9" testName="When_a_search_is_performed_and_the_repository_fails_results_indicate_an_error_occurred" computerName="STANNIS" duration="00:00:01.0105840" startTime="2011-08-16T00:40:36.4596262-04:00" endTime="2011-08-16T00:40:37.4706262-04:00" testType="13cdc9d9-ddb5-4fa4-a97d-d965ccfc6d4b" outcome="Passed" testListId="8c84fa94-04c1-424b-9868-57a2d4851a1d" relativeResultsDirectory="f07c19d5-b1a7-448f-875b-15f77d6760fb">
    </UnitTestResult>
    <UnitTestResult executionId="4ad8ea27-4d1a-4be9-bc73-e2f03c51504d" testId="d6b1356a-3806-48ad-bb0d-e27475158d2a" testName="When_a_search_is_performed_it_queries_the_repo_and_returns_results_asyncronously" computerName="STANNIS" duration="00:00:01.0032724" startTime="2011-08-16T00:40:37.4716262-04:00" endTime="2011-08-16T00:40:38.4756262-04:00" testType="13cdc9d9-ddb5-4fa4-a97d-d965ccfc6d4b" outcome="Passed" testListId="8c84fa94-04c1-424b-9868-57a2d4851a1d" relativeResultsDirectory="4ad8ea27-4d1a-4be9-bc73-e2f03c51504d">
    </UnitTestResult>
  </Results>
</TestRun>